<?xml version="1.0" encoding="UTF-8"?>
<!-- Generated by org.testng.reporters.JUnitReportReporter -->
<testsuite hostname="LAPTOP-CD8JOBST" failures="0" tests="1" name="TestingFrameWork.Remo" time="0.020" errors="0" timestamp="2022-04-07T10:20:42 IST" skipped="0">
  <testcase classname="TestingFrameWork.Remo" name="run2" time="0.020"/>
  <system-out>
    <![CDATA[Remo Message]]>
  </system-out>
</testsuite> <!-- TestingFrameWork.Remo -->
