<?xml version="1.0" encoding="UTF-8"?>
<!-- Generated by org.testng.reporters.JUnitReportReporter -->
<testsuite hostname="LAPTOP-CD8JOBST" failures="0" tests="12" name="TestingFrameWork.FlagsOfTestNG" time="0.051" errors="0" timestamp="2022-03-28T21:08:19 IST" skipped="1">
  <testcase classname="TestingFrameWork.FlagsOfTestNG" name="run" time="0.002"/>
  <system-out>
    <![CDATA[Run Message]]>
  </system-out>
  <testcase classname="TestingFrameWork.FlagsOfTestNG" name="run" time="0.003"/>
  <system-out>
    <![CDATA[Run Message]]>
  </system-out>
  <testcase classname="TestingFrameWork.FlagsOfTestNG" name="run" time="0.007"/>
  <system-out>
    <![CDATA[Run Message]]>
  </system-out>
  <testcase classname="TestingFrameWork.FlagsOfTestNG" name="run" time="0.003"/>
  <system-out>
    <![CDATA[Run Message]]>
  </system-out>
  <testcase classname="TestingFrameWork.FlagsOfTestNG" name="run" time="0.005"/>
  <system-out>
    <![CDATA[Run Message]]>
  </system-out>
  <testcase classname="TestingFrameWork.FlagsOfTestNG" name="run" time="0.002"/>
  <system-out>
    <![CDATA[Run Message]]>
  </system-out>
  <testcase classname="TestingFrameWork.FlagsOfTestNG" name="run" time="0.002"/>
  <system-out>
    <![CDATA[Run Message]]>
  </system-out>
  <testcase classname="TestingFrameWork.FlagsOfTestNG" name="run" time="0.002"/>
  <system-out>
    <![CDATA[Run Message]]>
  </system-out>
  <testcase classname="TestingFrameWork.FlagsOfTestNG" name="run" time="0.017"/>
  <system-out>
    <![CDATA[Run Message]]>
  </system-out>
  <testcase classname="TestingFrameWork.FlagsOfTestNG" name="run" time="0.006"/>
  <system-out>
    <![CDATA[Run Message]]>
  </system-out>
  <testcase classname="TestingFrameWork.FlagsOfTestNG" name="gun" time="0.002"/>
  <system-out>
    <![CDATA[Gun Message]]>
  </system-out>
  <testcase classname="TestingFrameWork.FlagsOfTestNG" name="bun">
    <skipped/>
  </testcase> <!-- bun -->
  <system-out/>
</testsuite> <!-- TestingFrameWork.FlagsOfTestNG -->
