<?xml version="1.0" encoding="UTF-8"?>
<!-- Generated by org.testng.reporters.JUnitReportReporter -->
<testsuite hostname="LAPTOP-CD8JOBST" failures="0" tests="1" name="TestingFrameWork.Sumo" time="0.016" errors="0" timestamp="2022-03-28T21:10:11 IST" skipped="0">
  <testcase classname="TestingFrameWork.Sumo" name="run3" time="0.016"/>
  <system-out>
    <![CDATA[Sumo Message]]>
  </system-out>
</testsuite> <!-- TestingFrameWork.Sumo -->
