<?xml version="1.0" encoding="UTF-8"?>
<!-- Generated by org.testng.reporters.JUnitReportReporter -->
<testsuite hostname="LAPTOP-CD8JOBST" failures="0" tests="1" name="TestingFrameWork.Demo" time="0.022" errors="0" timestamp="2022-03-28T20:39:11 IST" skipped="0">
  <testcase classname="TestingFrameWork.Demo" name="run1" time="0.022"/>
  <system-out>
    <![CDATA[Demo Message]]>
  </system-out>
</testsuite> <!-- TestingFrameWork.Demo -->
